
Starting sbatch script
DATE: Tue Mar  7 18:41:55 UTC 2023, NTASKS: 64, NNODES: 4

. /home/spack/spack/share/spack/setup-env.sh

spack load intel-oneapi-mpi
which mpiexec
/home/spack/spack/opt/spack/linux-centos7-skylake_avx512/gcc-8.5.0/intel-oneapi-mpi-2021.7.1-yrqwlaw7hqwlp2wolefd6dlw2sgrwfa7/mpi/2021.7.1/bin/mpiexec
spack load python@3.10.8
python --version
Python 3.10.8

Running MatMul

mpiexec -n 64 python matmult_mpi_float32.py 256
Size of the matrix : 256 x 256
Number of processes: 64
Size of local block: 32 x 32


Sending blocks of A 0 0 to process 0
Sending blocks of A 0 1 to process 1
Sending blocks of A 0 2 to process 2
Sending blocks of A 0 3 to process 3
Sending blocks of A 0 4 to process 4
Sending blocks of A 0 5 to process 5
Sending blocks of A 0 6 to process 6
Sending blocks of A 0 7 to process 7
Sending blocks of A 1 0 to process 8
Sending blocks of A 1 1 to process 9
Sending blocks of A 1 2 to process 10
Sending blocks of A 1 3 to process 11
Sending blocks of A 1 4 to process 12
Sending blocks of A 1 5 to process 13
Sending blocks of A 1 6 to process 14
Sending blocks of A 1 7 to process 15
Sending blocks of A 2 0 to process 16
Sending blocks of A 2 1 to process 17
Sending blocks of A 2 2 to process 18
Sending blocks of A 2 3 to process 19
Sending blocks of A 2 4 to process 20
Sending blocks of A 2 5 to process 21
Sending blocks of A 2 6 to process 22
Sending blocks of A 2 7 to process 23
Sending blocks of A 3 0 to process 24
Sending blocks of A 3 1 to process 25
Sending blocks of A 3 2 to process 26
Sending blocks of A 3 3 to process 27
Sending blocks of A 3 4 to process 28
Sending blocks of A 3 5 to process 29
Sending blocks of A 3 6 to process 30
Sending blocks of A 3 7 to process 31
Sending blocks of A 4 0 to process 32
Sending blocks of A 4 1 to process 33
Sending blocks of A 4 2 to process 34
Sending blocks of A 4 3 to process 35
Sending blocks of A 4 4 to process 36
Sending blocks of A 4 5 to process 37
Sending blocks of A 4 6 to process 38
Sending blocks of A 4 7 to process 39
Sending blocks of A 5 0 to process 40
Sending blocks of A 5 1 to process 41
Sending blocks of A 5 2 to process 42
Sending blocks of A 5 3 to process 43
Sending blocks of A 5 4 to process 44
Sending blocks of A 5 5 to process 45
Sending blocks of A 5 6 to process 46
Sending blocks of A 5 7 to process 47
Sending blocks of A 6 0 to process 48
Sending blocks of A 6 1 to process 49
Sending blocks of A 6 2 to process 50
Sending blocks of A 6 3 to process 51
Sending blocks of A 6 4 to process 52
Sending blocks of A 6 5 to process 53
Sending blocks of A 6 6 to process 54
Sending blocks of A 6 7 to process 55
Sending blocks of A 7 0 to process 56
Sending blocks of A 7 1 to process 57
Sending blocks of A 7 2 to process 58
Sending blocks of A 7 3 to process 59
Sending blocks of A 7 4 to process 60
Sending blocks of A 7 5 to process 61
Sending blocks of A 7 6 to process 62
Sending blocks of A 7 7 to process 63
Sending blocks of B 0 0 to process 0
Sending blocks of B 1 0 to process 8
Sending blocks of B 2 0 to process 16
Sending blocks of B 3 0 to process 24
Sending blocks of B 4 0 to process 32
Sending blocks of B 5 0 to process 40
Sending blocks of B 6 0 to process 48
Sending blocks of B 7 0 to process 56
Sending blocks of B 0 1 to process 1
Sending blocks of B 1 1 to process 9
Sending blocks of B 2 1 to process 17
Sending blocks of B 3 1 to process 25
Sending blocks of B 4 1 to process 33
Sending blocks of B 5 1 to process 41
Sending blocks of B 6 1 to process 49
Sending blocks of B 7 1 to process 57
Sending blocks of B 0 2 to process 2
Sending blocks of B 1 2 to process 10
Sending blocks of B 2 2 to process 18
Sending blocks of B 3 2 to process 26
Sending blocks of B 4 2 to process 34
Sending blocks of B 5 2 to process 42
Sending blocks of B 6 2 to process 50
Sending blocks of B 7 2 to process 58
Sending blocks of B 0 3 to process 3
Sending blocks of B 1 3 to process 11
Sending blocks of B 2 3 to process 19
Sending blocks of B 3 3 to process 27
Sending blocks of B 4 3 to process 35
Sending blocks of B 5 3 to process 43
Sending blocks of B 6 3 to process 51
Sending blocks of B 7 3 to process 59
Sending blocks of B 0 4 to process 4
Sending blocks of B 1 4 to process 12
Sending blocks of B 2 4 to process 20
Sending blocks of B 3 4 to process 28
Sending blocks of B 4 4 to process 36
Sending blocks of B 5 4 to process 44
Sending blocks of B 6 4 to process 52
Sending blocks of B 7 4 to process 60
Sending blocks of B 0 5 to process 5
Sending blocks of B 1 5 to process 13
Sending blocks of B 2 5 to process 21
Sending blocks of B 3 5 to process 29
Sending blocks of B 4 5 to process 37
Sending blocks of B 5 5 to process 45
Sending blocks of B 6 5 to process 53
Sending blocks of B 7 5 to process 61
Sending blocks of B 0 6 to process 6
Sending blocks of B 1 6 to process 14
Sending blocks of B 2 6 to process 22
Sending blocks of B 3 6 to process 30
Sending blocks of B 4 6 to process 38
Sending blocks of B 5 6 to process 46
Sending blocks of B 6 6 to process 54
Sending blocks of B 7 6 to process 62
Sending blocks of B 0 7 to process 7
Sending blocks of B 1 7 to process 15
Sending blocks of B 2 7 to process 23
Sending blocks of B 3 7 to process 31
Sending blocks of B 4 7 to process 39
Sending blocks of B 5 7 to process 47
Sending blocks of B 6 7 to process 55
Sending blocks of B 7 7 to process 63


Done...
DATE: Tue Mar  7 18:42:36 UTC 2023, NTASKS: 64, NNODES: 4
